<?xml version="1.0" encoding="UTF-8"?>
<testng-results ignored="0" total="1" passed="1" failed="0" skipped="0">
  <reporter-output>
  </reporter-output>
  <suite started-at="2023-01-29T17:59:12 GMT" name="Default suite" finished-at="2023-01-29T17:59:31 GMT" duration-ms="19418">
    <groups>
      <group name="cucumber">
        <method signature="AbstractTestNGCucumberTests.runScenario(io.cucumber.testng.PickleWrapper,io.cucumber.testng.FeatureWrapper)[pri:0, instance:runner.Runner@235ecd9f]" name="runScenario" class="io.cucumber.testng.AbstractTestNGCucumberTests"/>
      </group> <!-- cucumber -->
    </groups>
    <test started-at="2023-01-29T17:59:12 GMT" name="Default test" finished-at="2023-01-29T17:59:31 GMT" duration-ms="19418">
      <class name="runner.Runner">
        <test-method is-config="true" signature="setUpClass(org.testng.ITestContext)[pri:0, instance:runner.Runner@235ecd9f]" started-at="2023-01-29T17:59:12 GMT" name="setUpClass" finished-at="2023-01-29T17:59:12 GMT" duration-ms="515" status="PASS">
          <params>
            <param index="0">
              <value>
                <![CDATA[org.testng.TestRunner@7f8a9454]]>
              </value>
            </param>
          </params>
          <reporter-output>
          </reporter-output>
        </test-method> <!-- setUpClass -->
        <test-method signature="runScenario(io.cucumber.testng.PickleWrapper,io.cucumber.testng.FeatureWrapper)[pri:0, instance:runner.Runner@235ecd9f]" started-at="2023-01-29T17:59:12 GMT" name="runScenario" description="Runs Cucumber Scenarios" data-provider="scenarios" finished-at="2023-01-29T17:59:30 GMT" duration-ms="18144" status="PASS">
          <params>
            <param index="0">
              <value>
                <![CDATA["Search and and Order an item in BigCommerce site"]]>
              </value>
            </param>
            <param index="1">
              <value>
                <![CDATA["Optional[Order an item]"]]>
              </value>
            </param>
          </params>
          <reporter-output>
          </reporter-output>
        </test-method> <!-- runScenario -->
        <test-method is-config="true" signature="postCondition()[pri:0, instance:runner.Runner@235ecd9f]" started-at="2023-01-29T17:59:30 GMT" name="postCondition" finished-at="2023-01-29T17:59:30 GMT" duration-ms="175" status="PASS">
          <reporter-output>
          </reporter-output>
        </test-method> <!-- postCondition -->
        <test-method is-config="true" signature="tearDownClass()[pri:0, instance:runner.Runner@235ecd9f]" started-at="2023-01-29T17:59:30 GMT" name="tearDownClass" finished-at="2023-01-29T17:59:31 GMT" duration-ms="552" status="PASS">
          <reporter-output>
          </reporter-output>
        </test-method> <!-- tearDownClass -->
      </class> <!-- runner.Runner -->
    </test> <!-- Default test -->
  </suite> <!-- Default suite -->
</testng-results>
